# JRE version: Java(TM) SE Runtime Environment (8.0_60-b27) (build 1.8.0_60-b27)
# Java VM: Java HotSpot(TM) 64-Bit Server VM (25.60-b23 mixed mode bsd-amd64 compressed oops)
Heap:
 PSYoungGen      total 94208K, used 51532K [0x00000007aab00000, 0x00000007b4100000, 0x00000007c0000000)
  eden space 93696K, 54% used [0x00000007aab00000,0x00000007add53330,0x00000007b0680000)
  from space 512K, 0% used [0x00000007b4000000,0x00000007b4000000,0x00000007b4080000)
  to   space 512K, 0% used [0x00000007b4080000,0x00000007b4080000,0x00000007b4100000)
 ParOldGen       total 44032K, used 564K [0x0000000780000000, 0x0000000782b00000, 0x00000007aab00000)
  object space 44032K, 1% used [0x0000000780000000,0x000000078008d3f0,0x0000000782b00000)
 Metaspace       used 3480K, capacity 4568K, committed 4864K, reserved 1056768K
  class space    used 388K, capacity 392K, committed 512K, reserved 1048576K
GC Heap History (10 events):
Event: 922.883 GC heap before
{Heap before GC invocations=7727 (full 0):
 PSYoungGen      total 74240K, used 73728K [0x00000007aab00000, 0x00000007b4100000, 0x00000007c0000000)
  eden space 73728K, 100% used [0x00000007aab00000,0x00000007af300000,0x00000007af300000)
  from space 512K, 0% used [0x00000007b4080000,0x00000007b4080000,0x00000007b4100000)
  to   space 512K, 0% used [0x00000007b4000000,0x00000007b4000000,0x00000007b4080000)
 ParOldGen       total 44032K, used 564K [0x0000000780000000, 0x0000000782b00000, 0x00000007aab00000)
  object space 44032K, 1% used [0x0000000780000000,0x000000078008d3f0,0x0000000782b00000)
 Metaspace       used 3470K, capacity 4568K, committed 4864K, reserved 1056768K
  class space    used 388K, capacity 392K, committed 512K, reserved 1048576K
Event: 922.899 GC heap after
Heap after GC invocations=7727 (full 0):
 PSYoungGen      total 89088K, used 0K [0x00000007aab00000, 0x00000007b4100000, 0x00000007c0000000)
  eden space 88576K, 0% used [0x00000007aab00000,0x00000007aab00000,0x00000007b0180000)
  from space 512K, 0% used [0x00000007b4000000,0x00000007b4000000,0x00000007b4080000)
  to   space 512K, 0% used [0x00000007b4080000,0x00000007b4080000,0x00000007b4100000)
 ParOldGen       total 44032K, used 564K [0x0000000780000000, 0x0000000782b00000, 0x00000007aab00000)
  object space 44032K, 1% used [0x0000000780000000,0x000000078008d3f0,0x0000000782b00000)
 Metaspace       used 3470K, capacity 4568K, committed 4864K, reserved 1056768K
  class space    used 388K, capacity 392K, committed 512K, reserved 1048576K
}
Event: 923.919 GC heap before
{Heap before GC invocations=7728 (full 0):
 PSYoungGen      total 89088K, used 88576K [0x00000007aab00000, 0x00000007b4100000, 0x00000007c0000000)
  eden space 88576K, 100% used [0x00000007aab00000,0x00000007b0180000,0x00000007b0180000)
  from space 512K, 0% used [0x00000007b4000000,0x00000007b4000000,0x00000007b4080000)
  to   space 512K, 0% used [0x00000007b4080000,0x00000007b4080000,0x00000007b4100000)
 ParOldGen       total 44032K, used 564K [0x0000000780000000, 0x0000000782b00000, 0x00000007aab00000)
  object space 44032K, 1% used [0x0000000780000000,0x000000078008d3f0,0x0000000782b00000)
 Metaspace       used 3470K, capacity 4568K, committed 4864K, reserved 1056768K
  class space    used 388K, capacity 392K, committed 512K, reserved 1048576K
Event: 923.920 GC heap after
Heap after GC invocations=7728 (full 0):
 PSYoungGen      total 107008K, used 0K [0x00000007aab00000, 0x00000007b4100000, 0x00000007c0000000)
  eden space 106496K, 0% used [0x00000007aab00000,0x00000007aab00000,0x00000007b1300000)
  from space 512K, 0% used [0x00000007b4080000,0x00000007b4080000,0x00000007b4100000)
  to   space 512K, 0% used [0x00000007b4000000,0x00000007b4000000,0x00000007b4080000)
 ParOldGen       total 44032K, used 564K [0x0000000780000000, 0x0000000782b00000, 0x00000007aab00000)
  object space 44032K, 1% used [0x0000000780000000,0x000000078008d3f0,0x0000000782b00000)
 Metaspace       used 3470K, capacity 4568K, committed 4864K, reserved 1056768K
  class space    used 388K, capacity 392K, committed 512K, reserved 1048576K
}
Event: 925.523 GC heap before
{Heap before GC invocations=7729 (full 0):
 PSYoungGen      total 107008K, used 106496K [0x00000007aab00000, 0x00000007b4100000, 0x00000007c0000000)
  eden space 106496K, 100% used [0x00000007aab00000,0x00000007b1300000,0x00000007b1300000)
  from space 512K, 0% used [0x00000007b4080000,0x00000007b4080000,0x00000007b4100000)
  to   space 512K, 0% used [0x00000007b4000000,0x00000007b4000000,0x00000007b4080000)
 ParOldGen       total 44032K, used 564K [0x0000000780000000, 0x0000000782b00000, 0x00000007aab00000)
  object space 44032K, 1% used [0x0000000780000000,0x000000078008d3f0,0x0000000782b00000)
 Metaspace       used 3470K, capacity 4568K, committed 4864K, reserved 1056768K
  class space    used 388K, capacity 392K, committed 512K, reserved 1048576K
Event: 925.524 GC heap after
Heap after GC invocations=7729 (full 0):
 PSYoungGen      total 102400K, used 0K [0x00000007aab00000, 0x00000007b4100000, 0x00000007c0000000)
  eden space 101888K, 0% used [0x00000007aab00000,0x00000007aab00000,0x00000007b0e80000)
  from space 512K, 0% used [0x00000007b4000000,0x00000007b4000000,0x00000007b4080000)
  to   space 512K, 0% used [0x00000007b4080000,0x00000007b4080000,0x00000007b4100000)
 ParOldGen       total 44032K, used 564K [0x0000000780000000, 0x0000000782b00000, 0x00000007aab00000)
  object space 44032K, 1% used [0x0000000780000000,0x000000078008d3f0,0x0000000782b00000)
 Metaspace       used 3470K, capacity 4568K, committed 4864K, reserved 1056768K
  class space    used 388K, capacity 392K, committed 512K, reserved 1048576K
}
Event: 926.153 GC heap before
{Heap before GC invocations=7730 (full 0):
 PSYoungGen      total 102400K, used 101888K [0x00000007aab00000, 0x00000007b4100000, 0x00000007c0000000)
  eden space 101888K, 100% used [0x00000007aab00000,0x00000007b0e80000,0x00000007b0e80000)
  from space 512K, 0% used [0x00000007b4000000,0x00000007b4000000,0x00000007b4080000)
  to   space 512K, 0% used [0x00000007b4080000,0x00000007b4080000,0x00000007b4100000)
 ParOldGen       total 44032K, used 564K [0x0000000780000000, 0x0000000782b00000, 0x00000007aab00000)
  object space 44032K, 1% used [0x0000000780000000,0x000000078008d3f0,0x0000000782b00000)
 Metaspace       used 3470K, capacity 4568K, committed 4864K, reserved 1056768K
  class space    used 388K, capacity 392K, committed 512K, reserved 1048576K
Event: 926.154 GC heap after
Heap after GC invocations=7730 (full 0):
 PSYoungGen      total 98304K, used 0K [0x00000007aab00000, 0x00000007b4100000, 0x00000007c0000000)
  eden space 97792K, 0% used [0x00000007aab00000,0x00000007aab00000,0x00000007b0a80000)
  from space 512K, 0% used [0x00000007b4080000,0x00000007b4080000,0x00000007b4100000)
  to   space 512K, 0% used [0x00000007b4000000,0x00000007b4000000,0x00000007b4080000)
 ParOldGen       total 44032K, used 564K [0x0000000780000000, 0x0000000782b00000, 0x00000007aab00000)
  object space 44032K, 1% used [0x0000000780000000,0x000000078008d3f0,0x0000000782b00000)
 Metaspace       used 3470K, capacity 4568K, committed 4864K, reserved 1056768K
  class space    used 388K, capacity 392K, committed 512K, reserved 1048576K
}
Event: 926.634 GC heap before
{Heap before GC invocations=7731 (full 0):
 PSYoungGen      total 98304K, used 97792K [0x00000007aab00000, 0x00000007b4100000, 0x00000007c0000000)
  eden space 97792K, 100% used [0x00000007aab00000,0x00000007b0a80000,0x00000007b0a80000)
  from space 512K, 0% used [0x00000007b4080000,0x00000007b4080000,0x00000007b4100000)
  to   space 512K, 0% used [0x00000007b4000000,0x00000007b4000000,0x00000007b4080000)
 ParOldGen       total 44032K, used 564K [0x0000000780000000, 0x0000000782b00000, 0x00000007aab00000)
  object space 44032K, 1% used [0x0000000780000000,0x000000078008d3f0,0x0000000782b00000)
 Metaspace       used 3470K, capacity 4568K, committed 4864K, reserved 1056768K
  class space    used 388K, capacity 392K, committed 512K, reserved 1048576K
Event: 926.636 GC heap after
Heap after GC invocations=7731 (full 0):
 PSYoungGen      total 94208K, used 0K [0x00000007aab00000, 0x00000007b4100000, 0x00000007c0000000)
  eden space 93696K, 0% used [0x00000007aab00000,0x00000007aab00000,0x00000007b0680000)
  from space 512K, 0% used [0x00000007b4000000,0x00000007b4000000,0x00000007b4080000)
  to   space 512K, 0% used [0x00000007b4080000,0x00000007b4080000,0x00000007b4100000)
 ParOldGen       total 44032K, used 564K [0x0000000780000000, 0x0000000782b00000, 0x00000007aab00000)
  object space 44032K, 1% used [0x0000000780000000,0x000000078008d3f0,0x0000000782b00000)
 Metaspace       used 3470K, capacity 4568K, committed 4864K, reserved 1056768K
  class space    used 388K, capacity 392K, committed 512K, reserved 1048576K
}

