# JRE version: Java(TM) SE Runtime Environment (8.0_60-b27) (build 1.8.0_60-b27)
# Java VM: Java HotSpot(TM) 64-Bit Server VM (25.60-b23 mixed mode bsd-amd64 compressed oops)
Heap:
 PSYoungGen      total 50176K, used 5463K [0x00000007aab00000, 0x00000007b7580000, 0x00000007c0000000)
  eden space 49664K, 11% used [0x00000007aab00000,0x00000007ab055cd0,0x00000007adb80000)
  from space 512K, 0% used [0x00000007b7500000,0x00000007b7500000,0x00000007b7580000)
  to   space 512K, 0% used [0x00000007b7480000,0x00000007b7480000,0x00000007b7500000)
 ParOldGen       total 44032K, used 620K [0x0000000780000000, 0x0000000782b00000, 0x00000007aab00000)
  object space 44032K, 1% used [0x0000000780000000,0x000000078009b070,0x0000000782b00000)
 Metaspace       used 3495K, capacity 4568K, committed 4864K, reserved 1056768K
  class space    used 388K, capacity 392K, committed 512K, reserved 1048576K
GC Heap History (10 events):
Event: 882.241 GC heap before
{Heap before GC invocations=1608 (full 0):
 PSYoungGen      total 47616K, used 47104K [0x00000007aab00000, 0x00000007b7580000, 0x00000007c0000000)
  eden space 47104K, 100% used [0x00000007aab00000,0x00000007ad900000,0x00000007ad900000)
  from space 512K, 0% used [0x00000007b7480000,0x00000007b7480000,0x00000007b7500000)
  to   space 512K, 0% used [0x00000007b7500000,0x00000007b7500000,0x00000007b7580000)
 ParOldGen       total 44032K, used 620K [0x0000000780000000, 0x0000000782b00000, 0x00000007aab00000)
  object space 44032K, 1% used [0x0000000780000000,0x000000078009b070,0x0000000782b00000)
 Metaspace       used 3484K, capacity 4568K, committed 4864K, reserved 1056768K
  class space    used 388K, capacity 392K, committed 512K, reserved 1048576K
Event: 882.253 GC heap after
Heap after GC invocations=1608 (full 0):
 PSYoungGen      total 46080K, used 0K [0x00000007aab00000, 0x00000007b7580000, 0x00000007c0000000)
  eden space 45568K, 0% used [0x00000007aab00000,0x00000007aab00000,0x00000007ad780000)
  from space 512K, 0% used [0x00000007b7500000,0x00000007b7500000,0x00000007b7580000)
  to   space 512K, 0% used [0x00000007b7480000,0x00000007b7480000,0x00000007b7500000)
 ParOldGen       total 44032K, used 620K [0x0000000780000000, 0x0000000782b00000, 0x00000007aab00000)
  object space 44032K, 1% used [0x0000000780000000,0x000000078009b070,0x0000000782b00000)
 Metaspace       used 3484K, capacity 4568K, committed 4864K, reserved 1056768K
  class space    used 388K, capacity 392K, committed 512K, reserved 1048576K
}
Event: 883.100 GC heap before
{Heap before GC invocations=1609 (full 0):
 PSYoungGen      total 46080K, used 45568K [0x00000007aab00000, 0x00000007b7580000, 0x00000007c0000000)
  eden space 45568K, 100% used [0x00000007aab00000,0x00000007ad780000,0x00000007ad780000)
  from space 512K, 0% used [0x00000007b7500000,0x00000007b7500000,0x00000007b7580000)
  to   space 512K, 0% used [0x00000007b7480000,0x00000007b7480000,0x00000007b7500000)
 ParOldGen       total 44032K, used 620K [0x0000000780000000, 0x0000000782b00000, 0x00000007aab00000)
  object space 44032K, 1% used [0x0000000780000000,0x000000078009b070,0x0000000782b00000)
 Metaspace       used 3484K, capacity 4568K, committed 4864K, reserved 1056768K
  class space    used 388K, capacity 392K, committed 512K, reserved 1048576K
Event: 883.112 GC heap after
Heap after GC invocations=1609 (full 0):
 PSYoungGen      total 55296K, used 0K [0x00000007aab00000, 0x00000007b7580000, 0x00000007c0000000)
  eden space 54784K, 0% used [0x00000007aab00000,0x00000007aab00000,0x00000007ae080000)
  from space 512K, 0% used [0x00000007b7480000,0x00000007b7480000,0x00000007b7500000)
  to   space 512K, 0% used [0x00000007b7500000,0x00000007b7500000,0x00000007b7580000)
 ParOldGen       total 44032K, used 620K [0x0000000780000000, 0x0000000782b00000, 0x00000007aab00000)
  object space 44032K, 1% used [0x0000000780000000,0x000000078009b070,0x0000000782b00000)
 Metaspace       used 3484K, capacity 4568K, committed 4864K, reserved 1056768K
  class space    used 388K, capacity 392K, committed 512K, reserved 1048576K
}
Event: 883.645 GC heap before
{Heap before GC invocations=1610 (full 0):
 PSYoungGen      total 55296K, used 54784K [0x00000007aab00000, 0x00000007b7580000, 0x00000007c0000000)
  eden space 54784K, 100% used [0x00000007aab00000,0x00000007ae080000,0x00000007ae080000)
  from space 512K, 0% used [0x00000007b7480000,0x00000007b7480000,0x00000007b7500000)
  to   space 512K, 0% used [0x00000007b7500000,0x00000007b7500000,0x00000007b7580000)
 ParOldGen       total 44032K, used 620K [0x0000000780000000, 0x0000000782b00000, 0x00000007aab00000)
  object space 44032K, 1% used [0x0000000780000000,0x000000078009b070,0x0000000782b00000)
 Metaspace       used 3484K, capacity 4568K, committed 4864K, reserved 1056768K
  class space    used 388K, capacity 392K, committed 512K, reserved 1048576K
Event: 883.648 GC heap after
Heap after GC invocations=1610 (full 0):
 PSYoungGen      total 53248K, used 0K [0x00000007aab00000, 0x00000007b7580000, 0x00000007c0000000)
  eden space 52736K, 0% used [0x00000007aab00000,0x00000007aab00000,0x00000007ade80000)
  from space 512K, 0% used [0x00000007b7500000,0x00000007b7500000,0x00000007b7580000)
  to   space 512K, 0% used [0x00000007b7480000,0x00000007b7480000,0x00000007b7500000)
 ParOldGen       total 44032K, used 620K [0x0000000780000000, 0x0000000782b00000, 0x00000007aab00000)
  object space 44032K, 1% used [0x0000000780000000,0x000000078009b070,0x0000000782b00000)
 Metaspace       used 3484K, capacity 4568K, committed 4864K, reserved 1056768K
  class space    used 388K, capacity 392K, committed 512K, reserved 1048576K
}
Event: 884.107 GC heap before
{Heap before GC invocations=1611 (full 0):
 PSYoungGen      total 53248K, used 52736K [0x00000007aab00000, 0x00000007b7580000, 0x00000007c0000000)
  eden space 52736K, 100% used [0x00000007aab00000,0x00000007ade80000,0x00000007ade80000)
  from space 512K, 0% used [0x00000007b7500000,0x00000007b7500000,0x00000007b7580000)
  to   space 512K, 0% used [0x00000007b7480000,0x00000007b7480000,0x00000007b7500000)
 ParOldGen       total 44032K, used 620K [0x0000000780000000, 0x0000000782b00000, 0x00000007aab00000)
  object space 44032K, 1% used [0x0000000780000000,0x000000078009b070,0x0000000782b00000)
 Metaspace       used 3484K, capacity 4568K, committed 4864K, reserved 1056768K
  class space    used 388K, capacity 392K, committed 512K, reserved 1048576K
Event: 884.108 GC heap after
Heap after GC invocations=1611 (full 0):
 PSYoungGen      total 51712K, used 0K [0x00000007aab00000, 0x00000007b7580000, 0x00000007c0000000)
  eden space 51200K, 0% used [0x00000007aab00000,0x00000007aab00000,0x00000007add00000)
  from space 512K, 0% used [0x00000007b7480000,0x00000007b7480000,0x00000007b7500000)
  to   space 512K, 0% used [0x00000007b7500000,0x00000007b7500000,0x00000007b7580000)
 ParOldGen       total 44032K, used 620K [0x0000000780000000, 0x0000000782b00000, 0x00000007aab00000)
  object space 44032K, 1% used [0x0000000780000000,0x000000078009b070,0x0000000782b00000)
 Metaspace       used 3484K, capacity 4568K, committed 4864K, reserved 1056768K
  class space    used 388K, capacity 392K, committed 512K, reserved 1048576K
}
Event: 884.649 GC heap before
{Heap before GC invocations=1612 (full 0):
 PSYoungGen      total 51712K, used 51200K [0x00000007aab00000, 0x00000007b7580000, 0x00000007c0000000)
  eden space 51200K, 100% used [0x00000007aab00000,0x00000007add00000,0x00000007add00000)
  from space 512K, 0% used [0x00000007b7480000,0x00000007b7480000,0x00000007b7500000)
  to   space 512K, 0% used [0x00000007b7500000,0x00000007b7500000,0x00000007b7580000)
 ParOldGen       total 44032K, used 620K [0x0000000780000000, 0x0000000782b00000, 0x00000007aab00000)
  object space 44032K, 1% used [0x0000000780000000,0x000000078009b070,0x0000000782b00000)
 Metaspace       used 3484K, capacity 4568K, committed 4864K, reserved 1056768K
  class space    used 388K, capacity 392K, committed 512K, reserved 1048576K
Event: 884.650 GC heap after
Heap after GC invocations=1612 (full 0):
 PSYoungGen      total 50176K, used 0K [0x00000007aab00000, 0x00000007b7580000, 0x00000007c0000000)
  eden space 49664K, 0% used [0x00000007aab00000,0x00000007aab00000,0x00000007adb80000)
  from space 512K, 0% used [0x00000007b7500000,0x00000007b7500000,0x00000007b7580000)
  to   space 512K, 0% used [0x00000007b7480000,0x00000007b7480000,0x00000007b7500000)
 ParOldGen       total 44032K, used 620K [0x0000000780000000, 0x0000000782b00000, 0x00000007aab00000)
  object space 44032K, 1% used [0x0000000780000000,0x000000078009b070,0x0000000782b00000)
 Metaspace       used 3484K, capacity 4568K, committed 4864K, reserved 1056768K
  class space    used 388K, capacity 392K, committed 512K, reserved 1048576K
}

